2014-11-22 00:04:1416585852 : status
2014-11-22 00:04:1416585858 : status
2014-11-22 00:04:1416585897 : stauts
2014-11-22 00:04:1416585899 : status
2014-11-22 00:07:1416586049 : start crm
2014-11-22 00:07:1416586052 : log crm
2014-11-22 00:07:1416586057 : syslog crm
2014-11-22 00:07:1416586067 : log crm
2014-11-22 00:11:1416586315 : status
2014-11-22 00:11:1416586319 : stop crm
2014-11-22 00:12:1416586322 : status
2014-11-22 00:12:1416586326 : start crm
2014-11-22 00:12:1416586330 : syslog crm
2014-11-22 01:08:1416589726 : start crm
2014-11-22 01:08:1416589729 : syslog crm
2014-11-22 01:08:1416589737 : stop crm
2014-11-22 01:09:1416589740 : status
2014-11-22 01:09:1416589743 : start crm
2014-11-22 01:09:1416589748 : syslog crm
2014-11-22 01:11:1416589899 : status
2014-11-22 01:11:1416589906 : log crm
2014-11-22 01:12:1416589952 : start crm
2014-11-22 01:12:1416589958 : log crm
2014-11-22 01:12:1416589963 : syslog crm
2014-11-22 01:12:1416589969 : stop crm
2014-11-22 01:16:1416590175 : status
2014-11-22 01:16:1416590205 : start crm
2014-11-22 01:16:1416590205 : log crm
2014-11-22 01:18:1416590321 : log crm
2014-11-22 01:19:1416590368 : status
2014-11-22 01:19:1416590376 : status
2014-11-22 01:19:1416590380 : status
2014-11-22 01:19:1416590392 : start crm
2014-11-22 01:19:1416590392 : syslog crm
2014-11-22 01:20:1416590427 : log crm
2014-11-22 01:22:1416590558 : stop crm
2014-11-22 01:22:1416590562 : start crm
2014-11-22 01:22:1416590567 : log crm
2014-11-22 01:31:1416591108 : stop all
2014-11-26 04:28:1416947327 : status
2014-11-26 04:29:1416947345 : status
2014-11-26 04:29:1416947355 : start fi
2014-11-26 04:29:1416947355 : log fi
2014-11-26 04:29:1416947361 : log fi
2014-11-26 04:29:1416947366 : syslog fi
2014-11-26 04:29:1416947378 : log fi
2014-11-26 04:39:1416947997 : stop fi
2014-11-26 04:40:1416948006 : start fi
2014-11-26 04:40:1416948031 : log fi
2014-11-26 04:42:1416948150 : syslog fi
2014-11-26 04:42:1416948168 : stop fi
2014-11-26 04:42:1416948178 : start fi
2014-11-26 04:42:1416948178 : syslog fi
2014-11-26 04:43:1416948214 : stop fi
2014-11-26 04:43:1416948217 : start fi
2014-11-26 06:27:1416954429 : stop fi
2014-11-26 06:27:1416954438 : start fi
2014-11-26 06:27:1416954438 : syslog fi
2014-11-26 06:28:1416954490 : status
2014-11-26 06:38:1416955135 : stop fi
2014-11-26 06:38:1416955139 : start fi
2014-11-26 06:39:1416955142 : log fi
2014-11-26 06:39:1416955151 : syslog fi
2014-11-26 06:39:1416955168 : status
2014-11-26 06:45:1416955526 : stop fi
2014-11-26 06:45:1416955529 : status
2014-11-26 06:45:1416955532 : start fi
2014-11-26 06:45:1416955537 : status
2014-11-26 06:48:1416955710 : status
2014-11-26 19:22:1417000938 : stop fi
2014-11-26 19:22:1417000953 : start fi
2014-11-26 19:22:1417000956 : log fi
2014-11-26 19:22:1417000961 : syslog fi
2014-11-26 19:26:1417001197 : stop fi
2014-11-26 19:26:1417001209 : start fi
2014-11-26 19:26:1417001209 : syslog fi
2014-11-26 19:30:1417001402 : stop fi
2014-11-26 19:31:1417001516 : stop fi
2014-11-26 19:32:1417001571 : start fi
2014-11-26 19:32:1417001576 : syslog fi
2014-11-26 19:36:1417001760 : stop fi
2014-11-26 19:36:1417001766 : start fi
2014-11-26 19:36:1417001770 : syslog fi
2014-11-26 19:43:1417002239 : stop fi
2014-11-26 19:45:1417002337 : stop fi
2014-11-26 19:45:1417002341 : status
2014-11-26 19:45:1417002344 : start fi
2014-11-26 19:45:1417002347 : status
2014-11-26 21:06:1417007173 : syslog fi
2014-11-26 21:06:1417007191 : stop fi
2014-11-26 21:07:1417007253 : status
2014-11-26 21:07:1417007256 : start fi
2014-11-26 21:07:1417007260 : log fi
2014-11-26 21:10:1417007403 : stop fi
2014-11-26 21:10:1417007407 : start fi
2014-11-26 21:18:1417007927 : stop fi
2014-11-26 21:18:1417007934 : start fi
2014-11-26 21:19:1417007940 : log fi
2014-11-26 21:19:1417007966 : syslog fi
2014-11-26 21:20:1417008014 : start fi
2014-11-26 21:20:1417008017 : syslog fi
2014-11-26 21:32:1417008727 : syslog fi
2014-11-26 21:32:1417008748 : stop fi
2014-11-26 21:32:1417008752 : status
2014-11-26 21:32:1417008756 : status
2014-11-26 21:32:1417008765 : stop fi
2014-11-26 21:32:1417008770 : syslog fi
2014-11-26 21:32:1417008775 : start fi
2014-11-26 21:33:1417008780 : syslog fi
2014-11-26 21:33:1417008789 : syslog fi
2014-11-26 21:33:1417008805 : syslog fi
2014-11-26 21:33:1417008811 : stop f
2014-11-26 21:33:1417008813 : stop fi
2014-11-26 21:33:1417008827 : start fi
2014-11-26 21:33:1417008837 : syslog fi
2014-11-26 21:34:1417008898 : syslog fi
2014-11-26 22:45:1417013131 : syslog fi
2014-11-26 22:47:1417013229 : start crm
2014-11-26 22:47:1417013232 : status
2014-11-26 22:47:1417013237 : syslog crm
2014-11-26 22:47:1417013251 : stop fi
2014-11-26 22:47:1417013255 : status
2014-11-26 22:47:1417013260 : log crm
2014-11-26 23:43:1417016612 : status
2014-11-26 23:43:1417016616 : stop crm
2014-11-26 23:43:1417016619 : status
2014-11-26 23:43:1417016622 : start fi
2014-11-26 23:43:1417016627 : syslog fi
2014-11-26 23:52:1417017131 : syslog fi
2014-11-27 00:03:1417017805 : stop fi
2014-11-27 00:03:1417017810 : start fi
2014-11-27 00:03:1417017814 : syslog fi
2014-11-27 00:03:1417017819 : stop fi
2014-11-27 00:03:1417017822 : status
2014-11-27 00:03:1417017824 : status
2014-11-27 00:03:1417017826 : status
2014-11-27 00:03:1417017827 : status
2014-11-27 00:03:1417017831 : start fi
2014-11-27 00:03:1417017833 : syslog fi
2014-11-27 00:09:1417018196 : syslog fi
2014-11-27 00:10:1417018258 : stop fi
2014-11-27 00:11:1417018263 : start fi
2014-11-27 00:11:1417018266 : status
2014-11-27 00:11:1417018270 : status
2014-11-27 00:11:1417018275 : syslog fi
2014-11-27 00:11:1417018281 : stop fi
2014-11-27 00:11:1417018286 : status
2014-11-27 00:11:1417018287 : status
2014-11-27 00:11:1417018297 : status
2014-11-27 00:11:1417018313 : start fi
2014-11-27 00:11:1417018319 : syslog fi
2014-11-27 00:21:1417018906 : syslog fi
2014-11-27 00:21:1417018913 : stop fi
2014-11-27 00:22:1417018960 : start fi
2014-11-27 00:25:1417019150 : stop fi
2014-11-27 00:25:1417019153 : status
2014-11-27 00:25:1417019156 : status
2014-11-27 00:25:1417019159 : status
2014-11-27 00:26:1417019160 : status
2014-11-27 00:26:1417019165 : start fi
2014-11-27 00:35:1417019704 : status
2014-11-27 00:35:1417019708 : stop fi
2014-11-27 00:35:1417019714 : status
2014-11-27 00:35:1417019716 : status
2014-11-27 00:35:1417019718 : status
2014-11-27 00:35:1417019720 : status
2014-11-27 00:35:1417019725 : stop fi
2014-11-27 00:35:1417019728 : status
2014-11-27 00:35:1417019754 : stop fi
2014-11-27 00:35:1417019758 : status
2014-11-27 00:35:1417019759 : status
2014-11-27 00:36:1417019768 : status
2014-11-27 00:36:1417019771 : status
2014-11-27 00:36:1417019778 : status
2014-11-27 00:36:1417019788 : start fi
2014-11-27 00:36:1417019788 : syslog fi
2014-11-27 00:49:1417020559 : stop fi
2014-11-27 00:49:1417020563 : start fi
2014-11-27 00:49:1417020568 : syslog fi
2014-11-27 00:49:1417020572 : stop fi
2014-11-27 00:49:1417020576 : status
2014-11-27 00:49:1417020585 : status
2014-11-27 00:49:1417020589 : start fi
2014-11-27 00:51:1417020693 : status
2014-11-27 01:01:1417021277 : status
2014-11-27 01:01:1417021280 : stop fi
2014-11-27 01:01:1417021285 : status
2014-11-27 01:01:1417021287 : status
2014-11-27 01:01:1417021288 : status
2014-11-27 01:01:1417021317 : status
2014-11-27 01:01:1417021319 : status
2014-11-27 01:02:1417021323 : stop fi
2014-11-27 01:02:1417021326 : status
2014-11-27 00:49:1417020593 : log fi
2014-11-27 01:02:1417021337 : status
2014-11-27 01:02:1417021341 : start fi
2014-11-27 01:02:1417021344 : status
2014-11-27 01:02:1417021347 : log fi
2014-11-27 01:13:1417022000 : log fi
2014-11-27 01:15:1417022144 : status
2014-11-27 01:17:1417022224 : start fi
2014-11-27 01:17:1417022225 : start fi
2014-11-28 03:46:1417117601 : stop fi
2014-11-28 03:46:1417117608 : start fi
2014-11-28 03:46:1417117611 : log fi
2014-11-28 03:48:1417117737 : stop fi
2014-11-28 03:49:1417117742 : start fi
2014-11-28 03:49:1417117745 : syslog fi
2016-11-04 15:59:1478246392 : status
2016-11-18 15:17:1479453428 : status
2016-11-18 17:28:1479461287 : status
2016-11-23 15:03:1479884639 : status
2016-12-05 14:55:1480920942 : status
2016-12-06 14:23:1481005393 : status
2017-01-16 02:56:1484506595 : status
2017-01-17 01:07:1484586453 : status
2017-01-17 02:13:1484590436 : status
2017-01-17 16:55:1484643313 : status
2017-01-19 19:11:1484824312 : status
2017-01-20 22:32:1484922735 : status
2017-01-20 22:51:1484923909 : status
2017-02-06 16:26:1486369593 : status
2017-02-10 15:39:1486712349 : status
2017-02-13 13:15:1486962910 : status
2017-02-27 15:07:1488179247 : status
2017-03-08 10:34:1488940461 : status
2017-03-10 19:43:1489146228 : status
2017-03-13 17:26:1489397218 : status
2017-03-15 13:49:1489556977 : status
2017-03-20 13:42:1489988556 : status
2017-03-20 18:11:1490004663 : status
2017-03-22 13:40:1490161229 : status
2017-03-30 10:00:1490839201 : status
2017-06-19 18:15:1497867310 : status
2017-07-10 18:45:1499683517 : status
2017-07-18 21:10:1500383417 : status
2017-07-24 14:35:1500878157 : status
2017-07-24 14:35:1500878159 : status
2017-08-15 20:10:1502799037 : status
